./G10cloDAXDBAAPE/110518_I251_FCC004RABXX_L3_G10cloDAXDBAAPE/110518_I251_FCC004RABXX_L3_G10cloDAXDBAAPE_1.fq.gz 0 0 40
./G10cloDAXDBAAPE/110518_I251_FCC004RABXX_L3_G10cloDAXDBAAPE/110518_I251_FCC004RABXX_L3_G10cloDAXDBAAPE_2.fq.gz 0 0 10
./G10cloDAXDBABPE/110518_I251_FCC004RABXX_L4_G10cloDAXDBABPE/110518_I251_FCC004RABXX_L4_G10cloDAXDBABPE_1.fq.gz 0 0 40
./G10cloDAXDBABPE/110518_I251_FCC004RABXX_L4_G10cloDAXDBABPE/110518_I251_FCC004RABXX_L4_G10cloDAXDBABPE_2.fq.gz 0 0 10
./G10cloDAXDIAAPE/110518_I251_FCC004RABXX_L5_G10cloDAXDIAAPE/110518_I251_FCC004RABXX_L5_G10cloDAXDIAAPE_1.fq.gz 0 0 40
./G10cloDAXDIAAPE/110518_I251_FCC004RABXX_L5_G10cloDAXDIAAPE/110518_I251_FCC004RABXX_L5_G10cloDAXDIAAPE_2.fq.gz 0 0 10
./G10cloDAXDIABPE/110518_I251_FCC004RABXX_L6_G10cloDAXDIABPE/110518_I251_FCC004RABXX_L6_G10cloDAXDIABPE_1.fq.gz 0 0 40
./G10cloDAXDIABPE/110518_I251_FCC004RABXX_L6_G10cloDAXDIABPE/110518_I251_FCC004RABXX_L6_G10cloDAXDIABPE_2.fq.gz 0 0 10
./G10cloDAXDMAAPE/110518_I251_FCC004RABXX_L7_G10cloDAXDMAAPE/110518_I251_FCC004RABXX_L7_G10cloDAXDMAAPE_1.fq.gz 0 0 40
./G10cloDAXDMAAPE/110518_I251_FCC004RABXX_L7_G10cloDAXDMAAPE/110518_I251_FCC004RABXX_L7_G10cloDAXDMAAPE_2.fq.gz 0 0 10
./G10cloDADDTAAPE/110526_I277_FCB05VJABXX_L5_G10cloDADDTAAPE/110526_I277_FCB05VJABXX_L5_G10cloDADDTAAPE_1.fq.gz 0 0 40
./G10cloDADDTAAPE/110526_I277_FCB05VJABXX_L5_G10cloDADDTAAPE/110526_I277_FCB05VJABXX_L5_G10cloDADDTAAPE_2.fq.gz 0 0 10
./G10cloDAZDLAAPE/110525_I232_FCB05B5ABXX_L7_G10cloDAZDLAAPE/110525_I232_FCB05B5ABXX_L7_G10cloDAZDLAAPE_1.fq.gz 0 0 40
./G10cloDAZDLAAPE/110525_I232_FCB05B5ABXX_L7_G10cloDAZDLAAPE/110525_I232_FCB05B5ABXX_L7_G10cloDAZDLAAPE_2.fq.gz 0 0 10 
./G10cloDAZDLABPE/110525_I232_FCB05B5ABXX_L8_G10cloDAZDLABPE/110525_I232_FCB05B5ABXX_L8_G10cloDAZDLABPE_1.fq.gz 0 0 40
./G10cloDAZDLABPE/110525_I232_FCB05B5ABXX_L8_G10cloDAZDLABPE/110525_I232_FCB05B5ABXX_L8_G10cloDAZDLABPE_2.fq.gz 0 0 10
./G10cloDBGDUAAPE/110620_I266_FCB0699ABXX_L6_G10cloDBGDUAAPE/110620_I266_FCB0699ABXX_L6_G10cloDBGDUAAPE_1.fq.gz 0 0 40
./G10cloDBGDUAAPE/110620_I266_FCB0699ABXX_L6_G10cloDBGDUAAPE/110620_I266_FCB0699ABXX_L6_G10cloDBGDUAAPE_2.fq.gz 0 0 10
./G10cloDAYDWAAPE/110525_I232_FCB05B8ABXX_L7_G10cloDAYDWAAPE/110525_I232_FCB05B8ABXX_L7_G10cloDAYDWAAPE_1.fq.gz 0 0 40
./G10cloDAYDWAAPE/110525_I232_FCB05B8ABXX_L7_G10cloDAYDWAAPE/110525_I232_FCB05B8ABXX_L7_G10cloDAYDWAAPE_2.fq.gz 0 0 10
./G11cloDAYDWABPE/110525_I232_FCB05B8ABXX_L8_G11cloDAYDWABPE/110525_I232_FCB05B8ABXX_L8_G11cloDAYDWABPE_1.fq.gz 0 0 40
./G11cloDAYDWABPE/110525_I232_FCB05B8ABXX_L8_G11cloDAYDWABPE/110525_I232_FCB05B8ABXX_L8_G11cloDAYDWABPE_2.fq.gz 0 0 10
